<?xml version="1.0" encoding="UTF-8"?>
<!-- Generated by org.testng.reporters.JUnitXMLReporter -->
<testsuite hostname="LAPTOP-1SF85SHE" ignored="0" name="Test" tests="4" failures="0" timestamp="2020-05-09T17:02:40 IST" time="78.388" errors="0">
  <testcase name="New_Empoyle_Deatils" time="20.907" classname="com.ebanking.PageObjectModel.ExeEmpoyleNG"/>
  <testcase name="NewRolecreation" time="16.606" classname="com.ebanking.PageObjectModel.ExeRoleCodeNg"/>
  <testcase name="Admin" time="13.948" classname="com.ebanking.PageObjectModel.ExeRanfordPh"/>
  <testcase name="Admin" time="26.847" classname="com.ebanking.PageObjectModel.ExeBranchNG"/>
</testsuite> <!-- Test -->
