<?xml version="1.0" encoding="UTF-8"?>
<!-- Generated by org.testng.reporters.JUnitXMLReporter -->
<testsuite hostname="LAPTOP-1SF85SHE" ignored="12" name="Verify_Modules_Test" tests="7" failures="0" timestamp="2020-05-03T06:54:02 IST" time="0.318" errors="0">
  <testcase name="@BeforeTest Admin" time="0.001" classname="com.ebanking.Master.Libary_TestNg">
    <failure type="java.lang.NullPointerException">
      <![CDATA[java.lang.NullPointerException
at com.ebanking.Master.Libary_TestNg.Admin(Libary_TestNg.java:35)
... Removed 24 stack frames]]>
    </failure>
  </testcase> <!-- @BeforeTest Admin -->
  <testcase name="@AfterTest Admin_Logout" time="-1.588469042733E9" classname="com.ebanking.Master.Libary_TestNg">
    <skipped/>
  </testcase> <!-- @AfterTest Admin_Logout -->
  <testcase name="print" time="0.001" classname="com.ebanking.Master.Libary_TestNg">
    <skipped/>
  </testcase> <!-- print -->
  <testcase name="branch" time="0.0" classname="com.ebanking.Master.BranchNg">
    <skipped/>
  </testcase> <!-- branch -->
  <testcase name="print" time="0.0" classname="com.ebanking.Master.Libary_TestNg">
    <skipped/>
  </testcase> <!-- print -->
  <testcase name="print" time="0.0" classname="com.ebanking.Master.Libary_TestNg">
    <skipped/>
  </testcase> <!-- print -->
  <testcase name="role" time="0.0" classname="com.ebanking.Master.RoleNg">
    <skipped/>
  </testcase> <!-- role -->
  <testcase name="empoyle" time="0.0" classname="com.ebanking.Master.EmpoyleNg">
    <skipped/>
  </testcase> <!-- empoyle -->
  <testcase name="print" time="0.0" classname="com.ebanking.Master.Libary_TestNg">
    <skipped/>
  </testcase> <!-- print -->
  <testcase name="@AfterTest Admin_Logout" time="0.0" classname="com.ebanking.Master.Libary_TestNg">
    <ignored/>
  </testcase> <!-- @AfterTest Admin_Logout -->
  <testcase name="@AfterTest Admin_Logout" time="0.0" classname="com.ebanking.Master.Libary_TestNg">
    <ignored/>
  </testcase> <!-- @AfterTest Admin_Logout -->
  <testcase name="@AfterTest Admin_Logout" time="0.0" classname="com.ebanking.Master.Libary_TestNg">
    <ignored/>
  </testcase> <!-- @AfterTest Admin_Logout -->
  <testcase name="@BeforeTest Admin" time="0.0" classname="com.ebanking.Master.Libary_TestNg">
    <ignored/>
  </testcase> <!-- @BeforeTest Admin -->
  <testcase name="@BeforeTest Admin" time="0.0" classname="com.ebanking.Master.Libary_TestNg">
    <ignored/>
  </testcase> <!-- @BeforeTest Admin -->
  <testcase name="@BeforeTest Admin" time="0.0" classname="com.ebanking.Master.Libary_TestNg">
    <ignored/>
  </testcase> <!-- @BeforeTest Admin -->
  <testcase name="@BeforeSuite Lanuch" time="0.0" classname="com.ebanking.Master.Libary_TestNg">
    <ignored/>
  </testcase> <!-- @BeforeSuite Lanuch -->
  <testcase name="@BeforeSuite Lanuch" time="0.0" classname="com.ebanking.Master.Libary_TestNg">
    <ignored/>
  </testcase> <!-- @BeforeSuite Lanuch -->
  <testcase name="@BeforeSuite Lanuch" time="0.0" classname="com.ebanking.Master.Libary_TestNg">
    <ignored/>
  </testcase> <!-- @BeforeSuite Lanuch -->
  <testcase name="@AfterSuite close" time="0.0" classname="com.ebanking.Master.Libary_TestNg">
    <ignored/>
  </testcase> <!-- @AfterSuite close -->
  <testcase name="@AfterSuite close" time="0.0" classname="com.ebanking.Master.Libary_TestNg">
    <ignored/>
  </testcase> <!-- @AfterSuite close -->
  <testcase name="@AfterSuite close" time="0.0" classname="com.ebanking.Master.Libary_TestNg">
    <ignored/>
  </testcase> <!-- @AfterSuite close -->
</testsuite> <!-- Verify_Modules_Test -->
