<?xml version="1.0" encoding="UTF-8"?>
<testng-results skipped="0" failed="0" ignored="0" total="4" passed="4">
  <reporter-output>
  </reporter-output>
  <suite name="Suite" duration-ms="78388" started-at="2020-05-09T17:01:21 IST" finished-at="2020-05-09T17:02:40 IST">
    <groups>
    </groups>
    <test name="Test" duration-ms="78388" started-at="2020-05-09T17:01:21 IST" finished-at="2020-05-09T17:02:40 IST">
      <class name="com.ebanking.PageObjectModel.ExeEmpoyleNG">
        <test-method status="PASS" signature="New_Empoyle_Deatils()[pri:0, instance:com.ebanking.PageObjectModel.ExeEmpoyleNG@35d176f7]" name="New_Empoyle_Deatils" duration-ms="20907" started-at="2020-05-09T17:01:22 IST" finished-at="2020-05-09T17:01:42 IST">
          <reporter-output>
          </reporter-output>
        </test-method> <!-- New_Empoyle_Deatils -->
      </class> <!-- com.ebanking.PageObjectModel.ExeEmpoyleNG -->
      <class name="com.ebanking.PageObjectModel.ExeRanfordPh">
        <test-method status="PASS" signature="Admin()[pri:0, instance:com.ebanking.PageObjectModel.ExeRanfordPh@6ebc05a6]" name="Admin" duration-ms="13948" started-at="2020-05-09T17:01:59 IST" finished-at="2020-05-09T17:02:13 IST">
          <reporter-output>
          </reporter-output>
        </test-method> <!-- Admin -->
      </class> <!-- com.ebanking.PageObjectModel.ExeRanfordPh -->
      <class name="com.ebanking.PageObjectModel.ExeRoleCodeNg">
        <test-method status="PASS" signature="NewRolecreation()[pri:1, instance:com.ebanking.PageObjectModel.ExeRoleCodeNg@1dfe2924]" name="NewRolecreation" duration-ms="16606" started-at="2020-05-09T17:01:42 IST" finished-at="2020-05-09T17:01:59 IST">
          <reporter-output>
          </reporter-output>
        </test-method> <!-- NewRolecreation -->
      </class> <!-- com.ebanking.PageObjectModel.ExeRoleCodeNg -->
      <class name="com.ebanking.PageObjectModel.ExeBranchNG">
        <test-method status="PASS" signature="Admin()[pri:0, instance:com.ebanking.PageObjectModel.ExeBranchNG@6e6c3152]" name="Admin" duration-ms="26847" started-at="2020-05-09T17:02:13 IST" finished-at="2020-05-09T17:02:40 IST">
          <reporter-output>
          </reporter-output>
        </test-method> <!-- Admin -->
      </class> <!-- com.ebanking.PageObjectModel.ExeBranchNG -->
    </test> <!-- Test -->
  </suite> <!-- Suite -->
</testng-results>
