<?xml version="1.0" encoding="UTF-8"?>
<testng-results skipped="0" failed="0" ignored="0" total="1" passed="1">
  <reporter-output>
  </reporter-output>
  <suite name="Default suite" duration-ms="32" started-at="2020-05-03T11:30:34 IST" finished-at="2020-05-03T11:30:34 IST">
    <groups>
    </groups>
    <test name="Default test" duration-ms="32" started-at="2020-05-03T11:30:34 IST" finished-at="2020-05-03T11:30:34 IST">
      <class name="testNg.Suite">
        <test-method status="PASS" signature="g()[pri:0, instance:testNg.Suite@7791a895]" name="g" is-config="true" duration-ms="0" started-at="2020-05-03T11:30:34 IST" finished-at="2020-05-03T11:30:34 IST">
          <reporter-output>
          </reporter-output>
        </test-method> <!-- g -->
        <test-method status="PASS" signature="pqr()[pri:0, instance:testNg.Suite@7791a895]" name="pqr" is-config="true" duration-ms="0" started-at="2020-05-03T11:30:34 IST" finished-at="2020-05-03T11:30:34 IST">
          <reporter-output>
          </reporter-output>
        </test-method> <!-- pqr -->
        <test-method status="PASS" signature="pqr2()[pri:0, instance:testNg.Suite@7791a895]" name="pqr2" is-config="true" duration-ms="0" started-at="2020-05-03T11:30:34 IST" finished-at="2020-05-03T11:30:34 IST">
          <reporter-output>
          </reporter-output>
        </test-method> <!-- pqr2 -->
        <test-method status="PASS" signature="abc1()[pri:0, instance:testNg.Suite@7791a895]" name="abc1" duration-ms="0" started-at="2020-05-03T11:30:34 IST" finished-at="2020-05-03T11:30:34 IST">
          <reporter-output>
          </reporter-output>
        </test-method> <!-- abc1 -->
        <test-method status="PASS" signature="abc()[pri:0, instance:testNg.Suite@7791a895]" name="abc" is-config="true" duration-ms="0" started-at="2020-05-03T11:30:34 IST" finished-at="2020-05-03T11:30:34 IST">
          <reporter-output>
          </reporter-output>
        </test-method> <!-- abc -->
      </class> <!-- testNg.Suite -->
    </test> <!-- Default test -->
  </suite> <!-- Default suite -->
</testng-results>
